|--- feature_0 <= 2.50
|   |--- feature_4 <= 1.50
|   |   |--- feature_0 <= 0.50
|   |   |   |--- feature_1 <= 1.50
|   |   |   |   |--- feature_2 <= 0.50
|   |   |   |   |   |--- feature_1 <= 0.50
|   |   |   |   |   |   |--- class: 0
|   |   |   |   |   |--- feature_1 >  0.50
|   |   |   |   |   |   |--- feature_3 <= 0.50
|   |   |   |   |   |   |   |--- feature_4 <= 0.50
|   |   |   |   |   |   |   |   |--- class: 0
|   |   |   |   |   |   |   |--- feature_4 >  0.50
|   |   |   |   |   |   |   |   |--- class: 0
|   |   |   |   |   |   |--- feature_3 >  0.50
|   |   |   |   |   |   |   |--- class: 0
|   |   |   |   |--- feature_2 >  0.50
|   |   |   |   |   |--- feature_3 <= 0.50
|   |   |   |   |   |   |--- class: 1
|   |   |   |   |   |--- feature_3 >  0.50
|   |   |   |   |   |   |--- feature_1 <= 0.50
|   |   |   |   |   |   |   |--- class: 0
|   |   |   |   |   |   |--- feature_1 >  0.50
|   |   |   |   |   |   |   |--- class: 0
|   |   |   |--- feature_1 >  1.50
|   |   |   |   |--- feature_2 <= 0.50
|   |   |   |   |   |--- feature_3 <= 0.50
|   |   |   |   |   |   |--- class: 1
|   |   |   |   |   |--- feature_3 >  0.50
|   |   |   |   |   |   |--- class: 0
|   |   |   |   |--- feature_2 >  0.50
|   |   |   |   |   |--- feature_3 <= 0.50
|   |   |   |   |   |   |--- class: 2
|   |   |   |   |   |--- feature_3 >  0.50
|   |   |   |   |   |   |--- feature_3 <= 1.50
|   |   |   |   |   |   |   |--- class: 0
|   |   |   |   |   |   |--- feature_3 >  1.50
|   |   |   |   |   |   |   |--- class: 0
|   |   |--- feature_0 >  0.50
|   |   |   |--- feature_1 <= 1.50
|   |   |   |   |--- feature_3 <= 0.50
|   |   |   |   |   |--- feature_4 <= 0.50
|   |   |   |   |   |   |--- feature_0 <= 1.50
|   |   |   |   |   |   |   |--- class: 0
|   |   |   |   |   |   |--- feature_0 >  1.50
|   |   |   |   |   |   |   |--- feature_1 <= 0.50
|   |   |   |   |   |   |   |   |--- class: 1
|   |   |   |   |   |   |   |--- feature_1 >  0.50
|   |   |   |   |   |   |   |   |--- class: 1
|   |   |   |   |   |--- feature_4 >  0.50
|   |   |   |   |   |   |--- feature_2 <= 1.50
|   |   |   |   |   |   |   |--- feature_0 <= 1.50
|   |   |   |   |   |   |   |   |--- feature_2 <= 0.50
|   |   |   |   |   |   |   |   |   |--- feature_1 <= 0.50
|   |   |   |   |   |   |   |   |   |   |--- class: 0
|   |   |   |   |   |   |   |   |   |--- feature_1 >  0.50
|   |   |   |   |   |   |   |   |   |   |--- class: 1
|   |   |   |   |   |   |   |   |--- feature_2 >  0.50
|   |   |   |   |   |   |   |   |   |--- class: 1
|   |   |   |   |   |   |   |--- feature_0 >  1.50
|   |   |   |   |   |   |   |   |--- feature_2 <= 0.50
|   |   |   |   |   |   |   |   |   |--- feature_1 <= 0.50
|   |   |   |   |   |   |   |   |   |   |--- class: 1
|   |   |   |   |   |   |   |   |   |--- feature_1 >  0.50
|   |   |   |   |   |   |   |   |   |   |--- class: 2
|   |   |   |   |   |   |   |   |--- feature_2 >  0.50
|   |   |   |   |   |   |   |   |   |--- class: 2
|   |   |   |   |   |   |--- feature_2 >  1.50
|   |   |   |   |   |   |   |--- class: 1
|   |   |   |   |--- feature_3 >  0.50
|   |   |   |   |   |--- feature_2 <= 1.50
|   |   |   |   |   |   |--- feature_2 <= 0.50
|   |   |   |   |   |   |   |--- feature_1 <= 0.50
|   |   |   |   |   |   |   |   |--- class: 1
|   |   |   |   |   |   |   |--- feature_1 >  0.50
|   |   |   |   |   |   |   |   |--- class: 0
|   |   |   |   |   |   |--- feature_2 >  0.50
|   |   |   |   |   |   |   |--- class: 0
|   |   |   |   |   |--- feature_2 >  1.50
|   |   |   |   |   |   |--- feature_3 <= 1.50
|   |   |   |   |   |   |   |--- class: 1
|   |   |   |   |   |   |--- feature_3 >  1.50
|   |   |   |   |   |   |   |--- feature_1 <= 0.50
|   |   |   |   |   |   |   |   |--- class: 1
|   |   |   |   |   |   |   |--- feature_1 >  0.50
|   |   |   |   |   |   |   |   |--- class: 0
|   |   |   |--- feature_1 >  1.50
|   |   |   |   |--- feature_3 <= 1.50
|   |   |   |   |   |--- feature_2 <= 0.50
|   |   |   |   |   |   |--- feature_0 <= 1.50
|   |   |   |   |   |   |   |--- feature_3 <= 0.50
|   |   |   |   |   |   |   |   |--- feature_4 <= 0.50
|   |   |   |   |   |   |   |   |   |--- class: 1
|   |   |   |   |   |   |   |   |--- feature_4 >  0.50
|   |   |   |   |   |   |   |   |   |--- class: 1
|   |   |   |   |   |   |   |--- feature_3 >  0.50
|   |   |   |   |   |   |   |   |--- class: 0
|   |   |   |   |   |   |--- feature_0 >  1.50
|   |   |   |   |   |   |   |--- feature_4 <= 0.50
|   |   |   |   |   |   |   |   |--- class: 1
|   |   |   |   |   |   |   |--- feature_4 >  0.50
|   |   |   |   |   |   |   |   |--- feature_3 <= 0.50
|   |   |   |   |   |   |   |   |   |--- class: 1
|   |   |   |   |   |   |   |   |--- feature_3 >  0.50
|   |   |   |   |   |   |   |   |   |--- class: 1
|   |   |   |   |   |--- feature_2 >  0.50
|   |   |   |   |   |   |--- feature_0 <= 1.50
|   |   |   |   |   |   |   |--- feature_3 <= 0.50
|   |   |   |   |   |   |   |   |--- class: 1
|   |   |   |   |   |   |   |--- feature_3 >  0.50
|   |   |   |   |   |   |   |   |--- feature_2 <= 1.50
|   |   |   |   |   |   |   |   |   |--- class: 1
|   |   |   |   |   |   |   |   |--- feature_2 >  1.50
|   |   |   |   |   |   |   |   |   |--- class: 1
|   |   |   |   |   |   |--- feature_0 >  1.50
|   |   |   |   |   |   |   |--- feature_3 <= 0.50
|   |   |   |   |   |   |   |   |--- class: 2
|   |   |   |   |   |   |   |--- feature_3 >  0.50
|   |   |   |   |   |   |   |   |--- class: 1
|   |   |   |   |--- feature_3 >  1.50
|   |   |   |   |   |--- feature_0 <= 1.50
|   |   |   |   |   |   |--- class: 0
|   |   |   |   |   |--- feature_0 >  1.50
|   |   |   |   |   |   |--- class: 2
|   |--- feature_4 >  1.50
|   |   |--- feature_0 <= 1.50
|   |   |   |--- feature_3 <= 0.50
|   |   |   |   |--- feature_1 <= 0.50
|   |   |   |   |   |--- feature_2 <= 0.50
|   |   |   |   |   |   |--- feature_0 <= 0.50
|   |   |   |   |   |   |   |--- class: 0
|   |   |   |   |   |   |--- feature_0 >  0.50
|   |   |   |   |   |   |   |--- class: 2
|   |   |   |   |   |--- feature_2 >  0.50
|   |   |   |   |   |   |--- class: 1
|   |   |   |   |--- feature_1 >  0.50
|   |   |   |   |   |--- feature_2 <= 1.50
|   |   |   |   |   |   |--- feature_1 <= 1.50
|   |   |   |   |   |   |   |--- feature_0 <= 0.50
|   |   |   |   |   |   |   |   |--- class: 1
|   |   |   |   |   |   |   |--- feature_0 >  0.50
|   |   |   |   |   |   |   |   |--- class: 2
|   |   |   |   |   |   |--- feature_1 >  1.50
|   |   |   |   |   |   |   |--- feature_0 <= 0.50
|   |   |   |   |   |   |   |   |--- class: 1
|   |   |   |   |   |   |   |--- feature_0 >  0.50
|   |   |   |   |   |   |   |   |--- class: 1
|   |   |   |   |   |--- feature_2 >  1.50
|   |   |   |   |   |   |--- feature_0 <= 0.50
|   |   |   |   |   |   |   |--- feature_1 <= 1.50
|   |   |   |   |   |   |   |   |--- class: 2
|   |   |   |   |   |   |   |--- feature_1 >  1.50
|   |   |   |   |   |   |   |   |--- class: 1
|   |   |   |   |   |   |--- feature_0 >  0.50
|   |   |   |   |   |   |   |--- class: 2
|   |   |   |--- feature_3 >  0.50
|   |   |   |   |--- feature_3 <= 1.50
|   |   |   |   |   |--- feature_0 <= 0.50
|   |   |   |   |   |   |--- feature_1 <= 0.50
|   |   |   |   |   |   |   |--- class: 0
|   |   |   |   |   |   |--- feature_1 >  0.50
|   |   |   |   |   |   |   |--- feature_2 <= 0.50
|   |   |   |   |   |   |   |   |--- feature_1 <= 1.50
|   |   |   |   |   |   |   |   |   |--- class: 1
|   |   |   |   |   |   |   |   |--- feature_1 >  1.50
|   |   |   |   |   |   |   |   |   |--- class: 1
|   |   |   |   |   |   |   |--- feature_2 >  0.50
|   |   |   |   |   |   |   |   |--- feature_1 <= 1.50
|   |   |   |   |   |   |   |   |   |--- feature_2 <= 1.50
|   |   |   |   |   |   |   |   |   |   |--- class: 1
|   |   |   |   |   |   |   |   |   |--- feature_2 >  1.50
|   |   |   |   |   |   |   |   |   |   |--- class: 1
|   |   |   |   |   |   |   |   |--- feature_1 >  1.50
|   |   |   |   |   |   |   |   |   |--- feature_2 <= 1.50
|   |   |   |   |   |   |   |   |   |   |--- class: 1
|   |   |   |   |   |   |   |   |   |--- feature_2 >  1.50
|   |   |   |   |   |   |   |   |   |   |--- class: 1
|   |   |   |   |   |--- feature_0 >  0.50
|   |   |   |   |   |   |--- feature_2 <= 0.50
|   |   |   |   |   |   |   |--- feature_1 <= 0.50
|   |   |   |   |   |   |   |   |--- class: 1
|   |   |   |   |   |   |   |--- feature_1 >  0.50
|   |   |   |   |   |   |   |   |--- class: 0
|   |   |   |   |   |   |--- feature_2 >  0.50
|   |   |   |   |   |   |   |--- class: 1
|   |   |   |   |--- feature_3 >  1.50
|   |   |   |   |   |--- class: 1
|   |   |--- feature_0 >  1.50
|   |   |   |--- feature_1 <= 1.50
|   |   |   |   |--- feature_2 <= 0.50
|   |   |   |   |   |--- feature_1 <= 0.50
|   |   |   |   |   |   |--- class: 1
|   |   |   |   |   |--- feature_1 >  0.50
|   |   |   |   |   |   |--- class: 2
|   |   |   |   |--- feature_2 >  0.50
|   |   |   |   |   |--- class: 2
|   |   |   |--- feature_1 >  1.50
|   |   |   |   |--- feature_2 <= 1.50
|   |   |   |   |   |--- feature_3 <= 0.50
|   |   |   |   |   |   |--- class: 1
|   |   |   |   |   |--- feature_3 >  0.50
|   |   |   |   |   |   |--- class: 2
|   |   |   |   |--- feature_2 >  1.50
|   |   |   |   |   |--- class: 1
|--- feature_0 >  2.50
|   |--- feature_0 <= 9.50
|   |   |--- feature_0 <= 3.50
|   |   |   |--- feature_1 <= 1.50
|   |   |   |   |--- feature_1 <= 0.50
|   |   |   |   |   |--- class: 2
|   |   |   |   |--- feature_1 >  0.50
|   |   |   |   |   |--- feature_4 <= 1.50
|   |   |   |   |   |   |--- feature_3 <= 0.50
|   |   |   |   |   |   |   |--- feature_2 <= 1.50
|   |   |   |   |   |   |   |   |--- feature_2 <= 0.50
|   |   |   |   |   |   |   |   |   |--- class: 2
|   |   |   |   |   |   |   |   |--- feature_2 >  0.50
|   |   |   |   |   |   |   |   |   |--- class: 2
|   |   |   |   |   |   |   |--- feature_2 >  1.50
|   |   |   |   |   |   |   |   |--- class: 2
|   |   |   |   |   |   |--- feature_3 >  0.50
|   |   |   |   |   |   |   |--- class: 1
|   |   |   |   |   |--- feature_4 >  1.50
|   |   |   |   |   |   |--- feature_3 <= 0.50
|   |   |   |   |   |   |   |--- feature_2 <= 2.50
|   |   |   |   |   |   |   |   |--- feature_2 <= 1.50
|   |   |   |   |   |   |   |   |   |--- feature_2 <= 0.50
|   |   |   |   |   |   |   |   |   |   |--- class: 2
|   |   |   |   |   |   |   |   |   |--- feature_2 >  0.50
|   |   |   |   |   |   |   |   |   |   |--- class: 2
|   |   |   |   |   |   |   |   |--- feature_2 >  1.50
|   |   |   |   |   |   |   |   |   |--- class: 2
|   |   |   |   |   |   |   |--- feature_2 >  2.50
|   |   |   |   |   |   |   |   |--- class: 2
|   |   |   |   |   |   |--- feature_3 >  0.50
|   |   |   |   |   |   |   |--- class: 2
|   |   |   |--- feature_1 >  1.50
|   |   |   |   |--- feature_4 <= 1.50
|   |   |   |   |   |--- feature_3 <= 0.50
|   |   |   |   |   |   |--- feature_2 <= 0.50
|   |   |   |   |   |   |   |--- class: 3
|   |   |   |   |   |   |--- feature_2 >  0.50
|   |   |   |   |   |   |   |--- class: 3
|   |   |   |   |   |--- feature_3 >  0.50
|   |   |   |   |   |   |--- class: 1
|   |   |   |   |--- feature_4 >  1.50
|   |   |   |   |   |--- feature_3 <= 1.00
|   |   |   |   |   |   |--- feature_2 <= 0.50
|   |   |   |   |   |   |   |--- class: 2
|   |   |   |   |   |   |--- feature_2 >  0.50
|   |   |   |   |   |   |   |--- feature_2 <= 1.50
|   |   |   |   |   |   |   |   |--- class: 1
|   |   |   |   |   |   |   |--- feature_2 >  1.50
|   |   |   |   |   |   |   |   |--- feature_2 <= 2.50
|   |   |   |   |   |   |   |   |   |--- class: 2
|   |   |   |   |   |   |   |   |--- feature_2 >  2.50
|   |   |   |   |   |   |   |   |   |--- class: 2
|   |   |   |   |   |--- feature_3 >  1.00
|   |   |   |   |   |   |--- class: 1
|   |   |--- feature_0 >  3.50
|   |   |   |--- feature_0 <= 8.50
|   |   |   |   |--- feature_0 <= 4.50
|   |   |   |   |   |--- feature_2 <= 0.50
|   |   |   |   |   |   |--- feature_1 <= 1.50
|   |   |   |   |   |   |   |--- feature_1 <= 0.50
|   |   |   |   |   |   |   |   |--- feature_4 <= 1.50
|   |   |   |   |   |   |   |   |   |--- class: 3
|   |   |   |   |   |   |   |   |--- feature_4 >  1.50
|   |   |   |   |   |   |   |   |   |--- class: 3
|   |   |   |   |   |   |   |--- feature_1 >  0.50
|   |   |   |   |   |   |   |   |--- feature_4 <= 1.50
|   |   |   |   |   |   |   |   |   |--- feature_4 <= 0.50
|   |   |   |   |   |   |   |   |   |   |--- class: 3
|   |   |   |   |   |   |   |   |   |--- feature_4 >  0.50
|   |   |   |   |   |   |   |   |   |   |--- class: 3
|   |   |   |   |   |   |   |   |--- feature_4 >  1.50
|   |   |   |   |   |   |   |   |   |--- class: 3
|   |   |   |   |   |   |--- feature_1 >  1.50
|   |   |   |   |   |   |   |--- feature_4 <= 1.50
|   |   |   |   |   |   |   |   |--- class: 3
|   |   |   |   |   |   |   |--- feature_4 >  1.50
|   |   |   |   |   |   |   |   |--- class: 3
|   |   |   |   |   |--- feature_2 >  0.50
|   |   |   |   |   |   |--- feature_2 <= 2.50
|   |   |   |   |   |   |   |--- feature_1 <= 0.50
|   |   |   |   |   |   |   |   |--- feature_4 <= 1.50
|   |   |   |   |   |   |   |   |   |--- class: 3
|   |   |   |   |   |   |   |   |--- feature_4 >  1.50
|   |   |   |   |   |   |   |   |   |--- class: 2
|   |   |   |   |   |   |   |--- feature_1 >  0.50
|   |   |   |   |   |   |   |   |--- feature_1 <= 1.50
|   |   |   |   |   |   |   |   |   |--- feature_2 <= 1.50
|   |   |   |   |   |   |   |   |   |   |--- feature_4 <= 1.50
|   |   |   |   |   |   |   |   |   |   |   |--- class: 3
|   |   |   |   |   |   |   |   |   |   |--- feature_4 >  1.50
|   |   |   |   |   |   |   |   |   |   |   |--- class: 3
|   |   |   |   |   |   |   |   |   |--- feature_2 >  1.50
|   |   |   |   |   |   |   |   |   |   |--- feature_4 <= 1.50
|   |   |   |   |   |   |   |   |   |   |   |--- class: 3
|   |   |   |   |   |   |   |   |   |   |--- feature_4 >  1.50
|   |   |   |   |   |   |   |   |   |   |   |--- class: 3
|   |   |   |   |   |   |   |   |--- feature_1 >  1.50
|   |   |   |   |   |   |   |   |   |--- feature_4 <= 1.50
|   |   |   |   |   |   |   |   |   |   |--- class: 3
|   |   |   |   |   |   |   |   |   |--- feature_4 >  1.50
|   |   |   |   |   |   |   |   |   |   |--- class: 3
|   |   |   |   |   |   |--- feature_2 >  2.50
|   |   |   |   |   |   |   |--- class: 2
|   |   |   |   |--- feature_0 >  4.50
|   |   |   |   |   |--- feature_0 <= 7.50
|   |   |   |   |   |   |--- feature_0 <= 5.50
|   |   |   |   |   |   |   |--- feature_1 <= 1.50
|   |   |   |   |   |   |   |   |--- feature_1 <= 0.50
|   |   |   |   |   |   |   |   |   |--- feature_2 <= 1.50
|   |   |   |   |   |   |   |   |   |   |--- feature_4 <= 1.50
|   |   |   |   |   |   |   |   |   |   |   |--- truncated branch of depth 2
|   |   |   |   |   |   |   |   |   |   |--- feature_4 >  1.50
|   |   |   |   |   |   |   |   |   |   |   |--- class: 3
|   |   |   |   |   |   |   |   |   |--- feature_2 >  1.50
|   |   |   |   |   |   |   |   |   |   |--- feature_4 <= 1.50
|   |   |   |   |   |   |   |   |   |   |   |--- class: 3
|   |   |   |   |   |   |   |   |   |   |--- feature_4 >  1.50
|   |   |   |   |   |   |   |   |   |   |   |--- class: 4
|   |   |   |   |   |   |   |   |--- feature_1 >  0.50
|   |   |   |   |   |   |   |   |   |--- feature_4 <= 0.50
|   |   |   |   |   |   |   |   |   |   |--- class: 3
|   |   |   |   |   |   |   |   |   |--- feature_4 >  0.50
|   |   |   |   |   |   |   |   |   |   |--- feature_2 <= 2.50
|   |   |   |   |   |   |   |   |   |   |   |--- truncated branch of depth 4
|   |   |   |   |   |   |   |   |   |   |--- feature_2 >  2.50
|   |   |   |   |   |   |   |   |   |   |   |--- class: 3
|   |   |   |   |   |   |   |--- feature_1 >  1.50
|   |   |   |   |   |   |   |   |--- feature_4 <= 1.50
|   |   |   |   |   |   |   |   |   |--- feature_2 <= 0.50
|   |   |   |   |   |   |   |   |   |   |--- class: 3
|   |   |   |   |   |   |   |   |   |--- feature_2 >  0.50
|   |   |   |   |   |   |   |   |   |   |--- feature_2 <= 1.50
|   |   |   |   |   |   |   |   |   |   |   |--- class: 3
|   |   |   |   |   |   |   |   |   |   |--- feature_2 >  1.50
|   |   |   |   |   |   |   |   |   |   |   |--- class: 3
|   |   |   |   |   |   |   |   |--- feature_4 >  1.50
|   |   |   |   |   |   |   |   |   |--- class: 3
|   |   |   |   |   |   |--- feature_0 >  5.50
|   |   |   |   |   |   |   |--- feature_2 <= 0.50
|   |   |   |   |   |   |   |   |--- feature_0 <= 6.50
|   |   |   |   |   |   |   |   |   |--- feature_4 <= 0.50
|   |   |   |   |   |   |   |   |   |   |--- feature_1 <= 0.50
|   |   |   |   |   |   |   |   |   |   |   |--- class: 4
|   |   |   |   |   |   |   |   |   |   |--- feature_1 >  0.50
|   |   |   |   |   |   |   |   |   |   |   |--- class: 3
|   |   |   |   |   |   |   |   |   |--- feature_4 >  0.50
|   |   |   |   |   |   |   |   |   |   |--- feature_1 <= 0.50
|   |   |   |   |   |   |   |   |   |   |   |--- class: 4
|   |   |   |   |   |   |   |   |   |   |--- feature_1 >  0.50
|   |   |   |   |   |   |   |   |   |   |   |--- truncated branch of depth 3
|   |   |   |   |   |   |   |   |--- feature_0 >  6.50
|   |   |   |   |   |   |   |   |   |--- feature_4 <= 0.50
|   |   |   |   |   |   |   |   |   |   |--- feature_1 <= 0.50
|   |   |   |   |   |   |   |   |   |   |   |--- class: 3
|   |   |   |   |   |   |   |   |   |   |--- feature_1 >  0.50
|   |   |   |   |   |   |   |   |   |   |   |--- class: 4
|   |   |   |   |   |   |   |   |   |--- feature_4 >  0.50
|   |   |   |   |   |   |   |   |   |   |--- feature_1 <= 1.50
|   |   |   |   |   |   |   |   |   |   |   |--- truncated branch of depth 3
|   |   |   |   |   |   |   |   |   |   |--- feature_1 >  1.50
|   |   |   |   |   |   |   |   |   |   |   |--- truncated branch of depth 2
|   |   |   |   |   |   |   |--- feature_2 >  0.50
|   |   |   |   |   |   |   |   |--- feature_2 <= 1.50
|   |   |   |   |   |   |   |   |   |--- class: 4
|   |   |   |   |   |   |   |   |--- feature_2 >  1.50
|   |   |   |   |   |   |   |   |   |--- feature_1 <= 1.50
|   |   |   |   |   |   |   |   |   |   |--- feature_2 <= 2.50
|   |   |   |   |   |   |   |   |   |   |   |--- truncated branch of depth 4
|   |   |   |   |   |   |   |   |   |   |--- feature_2 >  2.50
|   |   |   |   |   |   |   |   |   |   |   |--- class: 4
|   |   |   |   |   |   |   |   |   |--- feature_1 >  1.50
|   |   |   |   |   |   |   |   |   |   |--- class: 4
|   |   |   |   |   |--- feature_0 >  7.50
|   |   |   |   |   |   |--- feature_1 <= 1.50
|   |   |   |   |   |   |   |--- feature_1 <= 0.50
|   |   |   |   |   |   |   |   |--- feature_4 <= 1.50
|   |   |   |   |   |   |   |   |   |--- feature_4 <= 0.50
|   |   |   |   |   |   |   |   |   |   |--- class: 4
|   |   |   |   |   |   |   |   |   |--- feature_4 >  0.50
|   |   |   |   |   |   |   |   |   |   |--- feature_2 <= 1.50
|   |   |   |   |   |   |   |   |   |   |   |--- truncated branch of depth 2
|   |   |   |   |   |   |   |   |   |   |--- feature_2 >  1.50
|   |   |   |   |   |   |   |   |   |   |   |--- class: 3
|   |   |   |   |   |   |   |   |--- feature_4 >  1.50
|   |   |   |   |   |   |   |   |   |--- feature_2 <= 1.00
|   |   |   |   |   |   |   |   |   |   |--- class: 2
|   |   |   |   |   |   |   |   |   |--- feature_2 >  1.00
|   |   |   |   |   |   |   |   |   |   |--- class: 3
|   |   |   |   |   |   |   |--- feature_1 >  0.50
|   |   |   |   |   |   |   |   |--- feature_4 <= 1.50
|   |   |   |   |   |   |   |   |   |--- feature_2 <= 1.50
|   |   |   |   |   |   |   |   |   |   |--- feature_2 <= 0.50
|   |   |   |   |   |   |   |   |   |   |   |--- truncated branch of depth 2
|   |   |   |   |   |   |   |   |   |   |--- feature_2 >  0.50
|   |   |   |   |   |   |   |   |   |   |   |--- class: 2
|   |   |   |   |   |   |   |   |   |--- feature_2 >  1.50
|   |   |   |   |   |   |   |   |   |   |--- class: 3
|   |   |   |   |   |   |   |   |--- feature_4 >  1.50
|   |   |   |   |   |   |   |   |   |--- feature_2 <= 0.50
|   |   |   |   |   |   |   |   |   |   |--- class: 3
|   |   |   |   |   |   |   |   |   |--- feature_2 >  0.50
|   |   |   |   |   |   |   |   |   |   |--- feature_2 <= 1.50
|   |   |   |   |   |   |   |   |   |   |   |--- class: 3
|   |   |   |   |   |   |   |   |   |   |--- feature_2 >  1.50
|   |   |   |   |   |   |   |   |   |   |   |--- class: 4
|   |   |   |   |   |   |--- feature_1 >  1.50
|   |   |   |   |   |   |   |--- class: 3
|   |   |   |--- feature_0 >  8.50
|   |   |   |   |--- feature_1 <= 1.50
|   |   |   |   |   |--- feature_2 <= 2.50
|   |   |   |   |   |   |--- feature_4 <= 0.50
|   |   |   |   |   |   |   |--- feature_1 <= 0.50
|   |   |   |   |   |   |   |   |--- class: 2
|   |   |   |   |   |   |   |--- feature_1 >  0.50
|   |   |   |   |   |   |   |   |--- class: 3
|   |   |   |   |   |   |--- feature_4 >  0.50
|   |   |   |   |   |   |   |--- feature_2 <= 0.50
|   |   |   |   |   |   |   |   |--- feature_1 <= 0.50
|   |   |   |   |   |   |   |   |   |--- feature_4 <= 1.50
|   |   |   |   |   |   |   |   |   |   |--- class: 2
|   |   |   |   |   |   |   |   |   |--- feature_4 >  1.50
|   |   |   |   |   |   |   |   |   |   |--- class: 3
|   |   |   |   |   |   |   |   |--- feature_1 >  0.50
|   |   |   |   |   |   |   |   |   |--- feature_4 <= 1.50
|   |   |   |   |   |   |   |   |   |   |--- class: 2
|   |   |   |   |   |   |   |   |   |--- feature_4 >  1.50
|   |   |   |   |   |   |   |   |   |   |--- class: 2
|   |   |   |   |   |   |   |--- feature_2 >  0.50
|   |   |   |   |   |   |   |   |--- feature_2 <= 1.50
|   |   |   |   |   |   |   |   |   |--- class: 3
|   |   |   |   |   |   |   |   |--- feature_2 >  1.50
|   |   |   |   |   |   |   |   |   |--- feature_1 <= 0.50
|   |   |   |   |   |   |   |   |   |   |--- class: 2
|   |   |   |   |   |   |   |   |   |--- feature_1 >  0.50
|   |   |   |   |   |   |   |   |   |   |--- feature_4 <= 1.50
|   |   |   |   |   |   |   |   |   |   |   |--- class: 3
|   |   |   |   |   |   |   |   |   |   |--- feature_4 >  1.50
|   |   |   |   |   |   |   |   |   |   |   |--- class: 2
|   |   |   |   |   |--- feature_2 >  2.50
|   |   |   |   |   |   |--- class: 3
|   |   |   |   |--- feature_1 >  1.50
|   |   |   |   |   |--- feature_4 <= 1.50
|   |   |   |   |   |   |--- feature_3 <= 0.50
|   |   |   |   |   |   |   |--- feature_2 <= 1.00
|   |   |   |   |   |   |   |   |--- class: 2
|   |   |   |   |   |   |   |--- feature_2 >  1.00
|   |   |   |   |   |   |   |   |--- class: 2
|   |   |   |   |   |   |--- feature_3 >  0.50
|   |   |   |   |   |   |   |--- class: 2
|   |   |   |   |   |--- feature_4 >  1.50
|   |   |   |   |   |   |--- feature_2 <= 2.50
|   |   |   |   |   |   |   |--- class: 3
|   |   |   |   |   |   |--- feature_2 >  2.50
|   |   |   |   |   |   |   |--- class: 2
|   |--- feature_0 >  9.50
|   |   |--- feature_0 <= 10.50
|   |   |   |--- feature_2 <= 0.50
|   |   |   |   |--- feature_4 <= 1.50
|   |   |   |   |   |--- feature_4 <= 0.50
|   |   |   |   |   |   |--- class: 0
|   |   |   |   |   |--- feature_4 >  0.50
|   |   |   |   |   |   |--- feature_1 <= 0.50
|   |   |   |   |   |   |   |--- class: 1
|   |   |   |   |   |   |--- feature_1 >  0.50
|   |   |   |   |   |   |   |--- feature_1 <= 1.50
|   |   |   |   |   |   |   |   |--- class: 1
|   |   |   |   |   |   |   |--- feature_1 >  1.50
|   |   |   |   |   |   |   |   |--- feature_3 <= 0.50
|   |   |   |   |   |   |   |   |   |--- class: 1
|   |   |   |   |   |   |   |   |--- feature_3 >  0.50
|   |   |   |   |   |   |   |   |   |--- class: 1
|   |   |   |   |--- feature_4 >  1.50
|   |   |   |   |   |--- feature_3 <= 0.50
|   |   |   |   |   |   |--- feature_1 <= 0.50
|   |   |   |   |   |   |   |--- class: 2
|   |   |   |   |   |   |--- feature_1 >  0.50
|   |   |   |   |   |   |   |--- feature_1 <= 1.50
|   |   |   |   |   |   |   |   |--- class: 2
|   |   |   |   |   |   |   |--- feature_1 >  1.50
|   |   |   |   |   |   |   |   |--- class: 2
|   |   |   |   |   |--- feature_3 >  0.50
|   |   |   |   |   |   |--- class: 1
|   |   |   |--- feature_2 >  0.50
|   |   |   |   |--- feature_3 <= 0.50
|   |   |   |   |   |--- feature_1 <= 1.50
|   |   |   |   |   |   |--- feature_4 <= 1.50
|   |   |   |   |   |   |   |--- feature_2 <= 1.50
|   |   |   |   |   |   |   |   |--- class: 1
|   |   |   |   |   |   |   |--- feature_2 >  1.50
|   |   |   |   |   |   |   |   |--- class: 1
|   |   |   |   |   |   |--- feature_4 >  1.50
|   |   |   |   |   |   |   |--- feature_1 <= 0.50
|   |   |   |   |   |   |   |   |--- feature_2 <= 1.50
|   |   |   |   |   |   |   |   |   |--- class: 1
|   |   |   |   |   |   |   |   |--- feature_2 >  1.50
|   |   |   |   |   |   |   |   |   |--- class: 2
|   |   |   |   |   |   |   |--- feature_1 >  0.50
|   |   |   |   |   |   |   |   |--- feature_2 <= 1.50
|   |   |   |   |   |   |   |   |   |--- class: 2
|   |   |   |   |   |   |   |   |--- feature_2 >  1.50
|   |   |   |   |   |   |   |   |   |--- class: 2
|   |   |   |   |   |--- feature_1 >  1.50
|   |   |   |   |   |   |--- feature_2 <= 1.50
|   |   |   |   |   |   |   |--- class: 2
|   |   |   |   |   |   |--- feature_2 >  1.50
|   |   |   |   |   |   |   |--- feature_4 <= 1.50
|   |   |   |   |   |   |   |   |--- class: 2
|   |   |   |   |   |   |   |--- feature_4 >  1.50
|   |   |   |   |   |   |   |   |--- class: 2
|   |   |   |   |--- feature_3 >  0.50
|   |   |   |   |   |--- feature_3 <= 1.50
|   |   |   |   |   |   |--- feature_2 <= 1.50
|   |   |   |   |   |   |   |--- class: 1
|   |   |   |   |   |   |--- feature_2 >  1.50
|   |   |   |   |   |   |   |--- feature_1 <= 1.50
|   |   |   |   |   |   |   |   |--- feature_4 <= 1.50
|   |   |   |   |   |   |   |   |   |--- class: 2
|   |   |   |   |   |   |   |   |--- feature_4 >  1.50
|   |   |   |   |   |   |   |   |   |--- class: 1
|   |   |   |   |   |   |   |--- feature_1 >  1.50
|   |   |   |   |   |   |   |   |--- class: 1
|   |   |   |   |   |--- feature_3 >  1.50
|   |   |   |   |   |   |--- class: 1
|   |   |--- feature_0 >  10.50
|   |   |   |--- feature_4 <= 1.50
|   |   |   |   |--- feature_2 <= 1.50
|   |   |   |   |   |--- feature_1 <= 1.50
|   |   |   |   |   |   |--- feature_1 <= 0.50
|   |   |   |   |   |   |   |--- feature_3 <= 0.50
|   |   |   |   |   |   |   |   |--- class: 0
|   |   |   |   |   |   |   |--- feature_3 >  0.50
|   |   |   |   |   |   |   |   |--- class: 0
|   |   |   |   |   |   |--- feature_1 >  0.50
|   |   |   |   |   |   |   |--- feature_4 <= 0.50
|   |   |   |   |   |   |   |   |--- class: 0
|   |   |   |   |   |   |   |--- feature_4 >  0.50
|   |   |   |   |   |   |   |   |--- feature_2 <= 0.50
|   |   |   |   |   |   |   |   |   |--- feature_3 <= 0.50
|   |   |   |   |   |   |   |   |   |   |--- class: 1
|   |   |   |   |   |   |   |   |   |--- feature_3 >  0.50
|   |   |   |   |   |   |   |   |   |   |--- class: 1
|   |   |   |   |   |   |   |   |--- feature_2 >  0.50
|   |   |   |   |   |   |   |   |   |--- class: 0
|   |   |   |   |   |--- feature_1 >  1.50
|   |   |   |   |   |   |--- feature_3 <= 0.50
|   |   |   |   |   |   |   |--- class: 1
|   |   |   |   |   |   |--- feature_3 >  0.50
|   |   |   |   |   |   |   |--- class: 0
|   |   |   |   |--- feature_2 >  1.50
|   |   |   |   |   |--- class: 1
|   |   |   |--- feature_4 >  1.50
|   |   |   |   |--- feature_3 <= 0.50
|   |   |   |   |   |--- feature_1 <= 0.50
|   |   |   |   |   |   |--- feature_2 <= 1.00
|   |   |   |   |   |   |   |--- class: 1
|   |   |   |   |   |   |--- feature_2 >  1.00
|   |   |   |   |   |   |   |--- class: 1
|   |   |   |   |   |--- feature_1 >  0.50
|   |   |   |   |   |   |--- feature_2 <= 2.50
|   |   |   |   |   |   |   |--- feature_2 <= 0.50
|   |   |   |   |   |   |   |   |--- feature_1 <= 1.50
|   |   |   |   |   |   |   |   |   |--- class: 2
|   |   |   |   |   |   |   |   |--- feature_1 >  1.50
|   |   |   |   |   |   |   |   |   |--- class: 2
|   |   |   |   |   |   |   |--- feature_2 >  0.50
|   |   |   |   |   |   |   |   |--- feature_2 <= 1.50
|   |   |   |   |   |   |   |   |   |--- feature_1 <= 1.50
|   |   |   |   |   |   |   |   |   |   |--- class: 1
|   |   |   |   |   |   |   |   |   |--- feature_1 >  1.50
|   |   |   |   |   |   |   |   |   |   |--- class: 1
|   |   |   |   |   |   |   |   |--- feature_2 >  1.50
|   |   |   |   |   |   |   |   |   |--- feature_1 <= 1.50
|   |   |   |   |   |   |   |   |   |   |--- class: 1
|   |   |   |   |   |   |   |   |   |--- feature_1 >  1.50
|   |   |   |   |   |   |   |   |   |   |--- class: 2
|   |   |   |   |   |   |--- feature_2 >  2.50
|   |   |   |   |   |   |   |--- class: 2
|   |   |   |   |--- feature_3 >  0.50
|   |   |   |   |   |--- feature_2 <= 1.50
|   |   |   |   |   |   |--- feature_1 <= 1.50
|   |   |   |   |   |   |   |--- feature_2 <= 0.50
|   |   |   |   |   |   |   |   |--- class: 1
|   |   |   |   |   |   |   |--- feature_2 >  0.50
|   |   |   |   |   |   |   |   |--- feature_1 <= 0.50
|   |   |   |   |   |   |   |   |   |--- class: 1
|   |   |   |   |   |   |   |   |--- feature_1 >  0.50
|   |   |   |   |   |   |   |   |   |--- class: 0
|   |   |   |   |   |   |--- feature_1 >  1.50
|   |   |   |   |   |   |   |--- class: 0
|   |   |   |   |   |--- feature_2 >  1.50
|   |   |   |   |   |   |--- feature_3 <= 1.50
|   |   |   |   |   |   |   |--- feature_1 <= 1.50
|   |   |   |   |   |   |   |   |--- class: 2
|   |   |   |   |   |   |   |--- feature_1 >  1.50
|   |   |   |   |   |   |   |   |--- class: 1
|   |   |   |   |   |   |--- feature_3 >  1.50
|   |   |   |   |   |   |   |--- class: 1
