|--- feature_0 <= 1.50
|   |--- feature_3 <= 0.50
|   |   |--- feature_4 <= 0.50
|   |   |   |--- feature_0 <= 0.50
|   |   |   |   |--- class: 1
|   |   |   |--- feature_0 >  0.50
|   |   |   |   |--- feature_2 <= 0.50
|   |   |   |   |   |--- class: 0
|   |   |   |   |--- feature_2 >  0.50
|   |   |   |   |   |--- class: 0
|   |   |--- feature_4 >  0.50
|   |   |   |--- class: 0
|   |--- feature_3 >  0.50
|   |   |--- class: 0
|--- feature_0 >  1.50
|   |--- feature_0 <= 2.50
|   |   |--- feature_2 <= 0.50
|   |   |   |--- feature_4 <= 0.50
|   |   |   |   |--- feature_3 <= 0.50
|   |   |   |   |   |--- class: 0
|   |   |   |   |--- feature_3 >  0.50
|   |   |   |   |   |--- class: 0
|   |   |   |--- feature_4 >  0.50
|   |   |   |   |--- class: 0
|   |   |--- feature_2 >  0.50
|   |   |   |--- class: 0
|   |--- feature_0 >  2.50
|   |   |--- class: 0
